<?xml version="1.0" encoding="UTF-8"?>
<!-- Generated by org.testng.reporters.JUnitReportReporter -->
<testsuite hostname="DESKTOP-708UHHR" failures="0" tests="1" name="com.tests.NavigationClass" time="35.996" errors="0" timestamp="2021-07-11T00:08:52 IST" skipped="0">
  <testcase classname="com.tests.NavigationClass" name="DragAndDropTest" time="35.996"/>
  <system-out/>
</testsuite> <!-- com.tests.NavigationClass -->
