<?xml version="1.0" encoding="UTF-8"?>
<!-- Generated by org.testng.reporters.JUnitReportReporter -->
<testsuite hostname="DESKTOP-708UHHR" failures="0" tests="1" name="com.jspenny.pagefactory.SearchProduct" time="20.929" errors="0" timestamp="2021-07-12T00:46:15 IST" skipped="0">
  <testcase classname="com.jspenny.pagefactory.SearchProduct" name="search" time="20.929"/>
  <system-out/>
</testsuite> <!-- com.jspenny.pagefactory.SearchProduct -->
