<?xml version="1.0" encoding="UTF-8"?>
<!-- Generated by org.testng.reporters.JUnitReportReporter -->
<testsuite hostname="DESKTOP-708UHHR" failures="0" tests="1" name="com.tests.TableData" time="17.634" errors="0" timestamp="2021-07-10T23:50:00 IST" skipped="0">
  <testcase classname="com.tests.TableData" name="DragAndDropTest" time="17.634"/>
  <system-out/>
</testsuite> <!-- com.tests.TableData -->
