<?xml version="1.0" encoding="UTF-8"?>
<!-- Generated by org.testng.reporters.JUnitReportReporter -->
<testsuite hostname="DESKTOP-708UHHR" failures="0" tests="1" name="com.tests.RadioButton" time="18.357" errors="0" timestamp="2021-07-11T00:01:31 IST" skipped="0">
  <testcase classname="com.tests.RadioButton" name="DragAndDropTest" time="18.357"/>
  <system-out/>
</testsuite> <!-- com.tests.RadioButton -->
