<?xml version="1.0" encoding="UTF-8"?>
<!-- Generated by org.testng.reporters.JUnitReportReporter -->
<testsuite hostname="DESKTOP-708UHHR" failures="0" tests="1" name="com.tests.DragAndDrop" time="28.547" errors="0" timestamp="2021-07-11T01:20:44 IST" skipped="0">
  <testcase classname="com.tests.DragAndDrop" name="DragAndDropTest" time="28.547"/>
  <system-out/>
</testsuite> <!-- com.tests.DragAndDrop -->
