<?xml version="1.0" encoding="UTF-8"?>
<!-- Generated by org.testng.reporters.JUnitReportReporter -->
<testsuite hostname="DESKTOP-708UHHR" failures="0" tests="1" name="com.tests.MouseHover" time="18.823" errors="0" timestamp="2021-07-04T01:50:56 IST" skipped="0">
  <testcase classname="com.tests.MouseHover" name="windowHandle" time="18.823"/>
  <system-out/>
</testsuite> <!-- com.tests.MouseHover -->
