<?xml version="1.0" encoding="UTF-8"?>
<!-- Generated by org.testng.reporters.JUnitReportReporter -->
<testsuite hostname="DESKTOP-708UHHR" failures="0" tests="1" name="com.jspenny.CheckOutWithExistingUser" time="39.698" errors="0" timestamp="2021-07-12T00:25:13 IST" skipped="0">
  <testcase classname="com.jspenny.CheckOutWithExistingUser" name="checkOutUsingExistingUser" time="39.698"/>
  <system-out/>
</testsuite> <!-- com.jspenny.CheckOutWithExistingUser -->
