<?xml version="1.0" encoding="UTF-8"?>
<!-- Generated by org.testng.reporters.JUnitReportReporter -->
<testsuite hostname="DESKTOP-708UHHR" failures="0" tests="1" name="com.jspenny.CheckOutWithNewUser" time="38.924" errors="0" timestamp="2021-07-12T00:33:51 IST" skipped="0">
  <testcase classname="com.jspenny.CheckOutWithNewUser" name="checkOut" time="38.924"/>
  <system-out/>
</testsuite> <!-- com.jspenny.CheckOutWithNewUser -->
