<?xml version="1.0" encoding="UTF-8"?>
<!-- Generated by org.testng.reporters.JUnitReportReporter -->
<testsuite hostname="DESKTOP-708UHHR" failures="0" tests="1" name="com.jspenny.SearchProduct" time="34.164" errors="0" timestamp="2021-07-12T00:16:15 IST" skipped="0">
  <testcase classname="com.jspenny.SearchProduct" name="search" time="34.164"/>
  <system-out/>
</testsuite> <!-- com.jspenny.SearchProduct -->
