<?xml version="1.0" encoding="UTF-8"?>
<!-- Generated by org.testng.reporters.JUnitReportReporter -->
<testsuite hostname="DESKTOP-708UHHR" failures="0" tests="1" name="com.tests.TakeScreenShots" time="16.385" errors="0" timestamp="2021-07-11T00:39:24 IST" skipped="0">
  <testcase classname="com.tests.TakeScreenShots" name="DragAndDropTest" time="16.385"/>
  <system-out/>
</testsuite> <!-- com.tests.TakeScreenShots -->
