<?xml version="1.0" encoding="UTF-8"?>
<!-- Generated by org.testng.reporters.JUnitReportReporter -->
<testsuite hostname="DESKTOP-708UHHR" failures="0" tests="1" name="com.tests.SeleniumMouseClick" time="15.116" errors="0" timestamp="2021-07-04T01:36:06 IST" skipped="0">
  <testcase classname="com.tests.SeleniumMouseClick" name="windowHandle" time="15.116"/>
  <system-out/>
</testsuite> <!-- com.tests.SeleniumMouseClick -->
