<?xml version="1.0" encoding="UTF-8"?>
<!-- Generated by org.testng.reporters.JUnitReportReporter -->
<testsuite hostname="DESKTOP-708UHHR" failures="0" tests="1" name="com.tests.SeleniumFrame" time="26.511" errors="0" timestamp="2021-07-04T00:57:56 IST" skipped="0">
  <testcase classname="com.tests.SeleniumFrame" name="windowHandle" time="26.511"/>
  <system-out/>
</testsuite> <!-- com.tests.SeleniumFrame -->
